This is pdfeTeX, Version 3.141592-1.21a-2.2 (Web2C 7.5.4) (format=pdflatex 2010.12.17)  15 APR 2013 16:36
entering extended mode
**azerty..tex
(./azerty..tex
LaTeX2e <2003/12/01>
Babel <v3.8d> and hyphenation patterns for american, french, german, ngerman, b
ahasa, basque, bulgarian, catalan, croatian, czech, danish, dutch, esperanto, e
stonian, finnish, greek, icelandic, irish, italian, latin, magyar, norsk, polis
h, portuges, romanian, russian, serbian, slovak, slovene, spanish, swedish, tur
kish, ukrainian, nohyphenation, loaded.
(/usr/share/texmf/tex/latex/base/article.cls
Document Class: article 2004/02/16 v1.4f Standard LaTeX document class
(/usr/share/texmf/tex/latex/base/size10.clo
File: size10.clo 2004/02/16 v1.4f Standard LaTeX file (size option)
)
\c@part=\count79
\c@section=\count80
\c@subsection=\count81
\c@subsubsection=\count82
\c@paragraph=\count83
\c@subparagraph=\count84
\c@figure=\count85
\c@table=\count86
\abovecaptionskip=\skip41
\belowcaptionskip=\skip42
\bibindent=\dimen102
)
(/usr/share/texmf/tex/latex/setspace/setspace.sty
Package: setspace 2000/12/01 6.7 Contributed and Supported LaTeX2e package

Package: `setspace' 6.7 <2000/12/01>
)
No file azerty..aux.
\openout1 = `azerty..aux'.

LaTeX Font Info:    Checking defaults for OML/cmm/m/it on input line 4.
LaTeX Font Info:    ... okay on input line 4.
LaTeX Font Info:    Checking defaults for T1/cmr/m/n on input line 4.
LaTeX Font Info:    ... okay on input line 4.
LaTeX Font Info:    Checking defaults for OT1/cmr/m/n on input line 4.
LaTeX Font Info:    ... okay on input line 4.
LaTeX Font Info:    Checking defaults for OMS/cmsy/m/n on input line 4.
LaTeX Font Info:    ... okay on input line 4.
LaTeX Font Info:    Checking defaults for OMX/cmex/m/n on input line 4.
LaTeX Font Info:    ... okay on input line 4.
LaTeX Font Info:    Checking defaults for U/cmr/m/n on input line 4.
LaTeX Font Info:    ... okay on input line 4.

Overfull \hbox (15.59328pt too wide) in paragraph at lines 39--45
[]\OT1/cmr/m/n/10 // mains[4] = joueurs[player].cartes[0]; mains[4] = joueurs[p
layer]->getCartes(0);
 []


Overfull \hbox (39.23225pt too wide) in paragraph at lines 46--60
\OT1/cmr/m/n/10 joueurs[player]->setCarteMax(joueurs[player]->getCartes(1)); //
joueurs[player].carteMax
 []


Overfull \hbox (22.36185pt too wide) in paragraph at lines 46--60
\OT1/cmr/m/n/10 = joueurs[player].cartes[1]; re-turn ptC2;  cout<<"Fin Es-say-e
r-Main4CarteMilieu"<<endl;
 []


Underfull \hbox (badness 10000) in paragraph at lines 46--60

 []


Overfull \hbox (7.72293pt too wide) in paragraph at lines 63--89
[]\OT1/cmr/m/n/10 void Ta-ble::RemplissageJeuxMax()  cout<<"Debut Rem-plis-sage
-jeux-Max"<<endl;
 []


Overfull \hbox (18.97194pt too wide) in paragraph at lines 63--89
\OT1/cmr/m/n/10 for (int q=0;q<nbJMax;q++)  if(joueurs[q]!=NULL) if (joueurs[q]
->getValeurMain3()
 []


Overfull \hbox (53.77856pt too wide) in paragraph at lines 63--89
\OT1/cmr/m/n/10 > joueurs[q]->getValeurMain4())  for (int i=0;i<3;i++)  joueurs
[q]->setCartesMax(i,joueurs[q]-
 []


Overfull \hbox (36.1675pt too wide) in paragraph at lines 63--89
\OT1/cmr/m/n/10 >getMainMax3(i));  int k=0; for (int i=3;i<5;i++)  joueurs[q]->
setCartesMax(i,joueurs[q]-
 []


Overfull \hbox (31.39886pt too wide) in paragraph at lines 63--89
\OT1/cmr/m/n/10 >getCartes(k)); k++;   else  for (int i=0;i<4;i++)  joueurs[q]-
>setCartesMax(i,joueurs[q]-
 []

[1

{/usr/share/texmf-var/fonts/map/pdftex/updmap/pdftex.map}]
Overfull \hbox (21.84343pt too wide) in paragraph at lines 107--119
[]\OT1/cmr/m/n/10 for (int q=0;q<nbJMax;q++) //joueurs[q].valeurMain4 = 0; if(j
oueurs[q]!=NULL)
 []


Overfull \hbox (74.64896pt too wide) in paragraph at lines 128--136
[]\OT1/cmr/m/n/10 if (k==4) PointsCour-ant = Es-say-er-Main4CartesMilieu(stack,
q); if (PointsCourant>joueurs[q]-
 []


Overfull \hbox (31.37122pt too wide) in paragraph at lines 128--136
\OT1/cmr/m/n/10 >getValeurMain4()) joueurs[q]->setValeurMain4(PointsCourant); f
or (int x=0;x<4;x++)
 []


Overfull \hbox (76.53806pt too wide) in paragraph at lines 128--136
\OT1/cmr/m/n/10 // joueurs[q]->mainMax4[x] = mi-lieu[stack[x+1]]; joueurs[q]->s
etMainMax4(x,milieu[stack[x+1]]);
 []


Underfull \hbox (badness 10000) in paragraph at lines 128--136

 []


Overfull \hbox (23.76927pt too wide) in paragraph at lines 158--173
\OT1/cmr/m/n/10 joueurs[q]->setValeurMain3(0); cout<<"TTTTTTEEEESSSTEE"<<endl; 
if (!joueurs[q]-
 []

[2]
Overfull \hbox (51.00894pt too wide) in paragraph at lines 182--191
[]\OT1/cmr/m/n/10 if (k==3) cout<<"TESTE 2"<<endl; PointsCour-ant = Es-say-er-M
ain3CartesMilieu(stack,q);
 []


Overfull \hbox (60.72305pt too wide) in paragraph at lines 182--191
\OT1/cmr/m/n/10 if (PointsCourant>joueurs[q]->getValeurMain3()) joueurs[q]->set
ValeurMain3(PointsCourant);
 []


Overfull \hbox (6.45457pt too wide) in paragraph at lines 182--191
\OT1/cmr/m/n/10 for (int x=0;x<3;x++) // joueurs[q].mainMax3[x] = mi-lieu[stack
[x+1]]; joueurs[q]-
 []

! Missing $ inserted.
<inserted text> 
                $
l.212   int tab_
                joueurs[nbJMax][2];
? 
! Interruption.
<to be read again> 
                   _
l.212   int tab_
                joueurs[nbJMax][2];
? 
LaTeX Font Info:    External font `cmex10' loaded for size
(Font)              <7> on input line 212.
LaTeX Font Info:    External font `cmex10' loaded for size
(Font)              <5> on input line 212.
! Missing $ inserted.
<inserted text> 
                $
l.213 
      
? 
! Emergency stop.
<inserted text> 
                $
l.213 
      
End of file on the terminal!

 
Here is how much of TeX's memory you used:
 234 strings out of 94500
 2634 string characters out of 1176765
 49348 words of memory out of 1000000
 3487 multiletter control sequences out of 10000+50000
 3640 words of font info for 14 fonts, out of 500000 for 2000
 580 hyphenation exceptions out of 1000
 23i,5n,17p,212b,117s stack positions out of 1500i,500n,5000p,200000b,5000s
PDF statistics:
 10 PDF objects out of 300000
 0 named destinations out of 131072
 1 words of extra memory for PDF output out of 65536
!  ==> Fatal error occurred, the output PDF file is not finished!
